{"uuid":"dc318369-7329-4a9d-8465-685d5f63a447","historyId":"c82b6dcd79ddb025f247b3386ecaf80e","testCaseId":"fd02b9fe27c679062d4dccee750a0db4","fullName":"src/test/resources/features/F1-TFSA.feature:21","labels":[{"name":"tag","value":"tfsa"},{"name":"host","value":"DESKTOP-A1PS1BU"},{"name":"thread","value":"16728@DESKTOP-A1PS1BU.main(1)"},{"name":"feature","value":"TFSA Calculator Functionality"},{"name":"story","value":"Calculate TFSA savings for different user profiles"},{"name":"suite","value":"TFSA Calculator Functionality"},{"name":"testClass","value":"Calculate TFSA savings for different user profiles"},{"name":"framework","value":"cucumber4jvm"},{"name":"language","value":"java"},{"name":"gherkin_uri","value":"file:///C:/Users/Owner/Scotiabank_Automation_Test/src/test/resources/features/F1-TFSA.feature"},{"name":"package","value":"src.test.resources.features.F1-TFSA_feature.TFSA Calculator Functionality"}],"links":[],"name":"Calculate TFSA savings for different user profiles","status":"broken","statusDetails":{"known":false,"muted":false,"flaky":false,"message":"Expected condition failed: waiting for visibility of [[ChromeDriver: chrome on windows (4ef36da3faf8b8c13e5226aea851fcb2)] -> xpath: //div[contains(@class,'result') or contains(text(),'Results')]] (tried for 10 second(s) with 500 milliseconds interval)\nBuild info: version: '4.37.0', revision: '3c1da1e342'\nSystem info: os.name: 'Windows 11', os.arch: 'amd64', os.version: '10.0', java.version: '17.0.12'\nDriver info: org.openqa.selenium.chrome.ChromeDriver\nCapabilities {acceptInsecureCerts: false, browserName: chrome, browserVersion: 141.0.7390.123, chrome: {chromedriverVersion: 141.0.7390.122 (b477534e7e1..., userDataDir: C:\\Users\\Owner\\AppData\\Loca...}, fedcm:accounts: true, goog:chromeOptions: {debuggerAddress: localhost:62539}, networkConnectionEnabled: false, pageLoadStrategy: normal, platformName: windows, proxy: Proxy(), se:cdp: ws://localhost:62539/devtoo..., se:cdpVersion: 141.0.7390.123, setWindowRect: true, strictFileInteractability: false, timeouts: {implicit: 0, pageLoad: 300000, script: 30000}, unhandledPromptBehavior: dismiss and notify, webauthn:extension:credBlob: true, webauthn:extension:largeBlob: true, webauthn:extension:minPinLength: true, webauthn:extension:prf: true, webauthn:virtualAuthenticators: true}\nSession ID: 4ef36da3faf8b8c13e5226aea851fcb2","trace":"org.openqa.selenium.TimeoutException: Expected condition failed: waiting for visibility of [[ChromeDriver: chrome on windows (4ef36da3faf8b8c13e5226aea851fcb2)] -> xpath: //div[contains(@class,'result') or contains(text(),'Results')]] (tried for 10 second(s) with 500 milliseconds interval)\nBuild info: version: '4.37.0', revision: '3c1da1e342'\nSystem info: os.name: 'Windows 11', os.arch: 'amd64', os.version: '10.0', java.version: '17.0.12'\nDriver info: org.openqa.selenium.chrome.ChromeDriver\nCapabilities {acceptInsecureCerts: false, browserName: chrome, browserVersion: 141.0.7390.123, chrome: {chromedriverVersion: 141.0.7390.122 (b477534e7e1..., userDataDir: C:\\Users\\Owner\\AppData\\Loca...}, fedcm:accounts: true, goog:chromeOptions: {debuggerAddress: localhost:62539}, networkConnectionEnabled: false, pageLoadStrategy: normal, platformName: windows, proxy: Proxy(), se:cdp: ws://localhost:62539/devtoo..., se:cdpVersion: 141.0.7390.123, setWindowRect: true, strictFileInteractability: false, timeouts: {implicit: 0, pageLoad: 300000, script: 30000}, unhandledPromptBehavior: dismiss and notify, webauthn:extension:credBlob: true, webauthn:extension:largeBlob: true, webauthn:extension:minPinLength: true, webauthn:extension:prf: true, webauthn:virtualAuthenticators: true}\nSession ID: 4ef36da3faf8b8c13e5226aea851fcb2\r\n\tat org.openqa.selenium.support.ui.WebDriverWait.timeoutException(WebDriverWait.java:84)\r\n\tat org.openqa.selenium.support.ui.FluentWait.until(FluentWait.java:228)\r\n\tat com.scotiabank.pages.TFSApageclass.verifyResultsDisplayed(TFSApageclass.java:146)\r\n\tat com.scotiabank.stepdefs.TFSAStepDef.i_should_see_a_results_section_displayed(TFSAStepDef.java:61)\r\n\tat ✽.I should see a results section displayed(file:///C:/Users/Owner/Scotiabank_Automation_Test/src/test/resources/features/F1-TFSA.feature:16)\r\n"},"stage":"finished","description":"  Verify that the Scotiabank TFSA Calculator calculates correctly\n  using different user data combinations","steps":[{"name":"Given I am on the Scotiabank TFSA Calculator page","status":"passed","statusDetails":{"known":false,"muted":false,"flaky":false},"stage":"finished","steps":[],"attachments":[],"parameters":[],"start":1761836322272,"stop":1761836329149},{"name":"When I enter \"15\" years for savings term","status":"passed","statusDetails":{"known":false,"muted":false,"flaky":false},"stage":"finished","steps":[],"attachments":[],"parameters":[],"start":1761836329149,"stop":1761836330592},{"name":"And I choose to invest with mixed income and growth","status":"passed","statusDetails":{"known":false,"muted":false,"flaky":false},"stage":"finished","steps":[],"attachments":[],"parameters":[],"start":1761836330599,"stop":1761836330897},{"name":"And I enter starting amount \"5000\"","status":"passed","statusDetails":{"known":false,"muted":false,"flaky":false},"stage":"finished","steps":[],"attachments":[],"parameters":[],"start":1761836330898,"stop":1761836331727},{"name":"And I enter periodic investment \"200\"","status":"passed","statusDetails":{"known":false,"muted":false,"flaky":false},"stage":"finished","steps":[],"attachments":[],"parameters":[],"start":1761836331728,"stop":1761836332823},{"name":"And I select contribution frequency \"Weekly\"","status":"passed","statusDetails":{"known":false,"muted":false,"flaky":false},"stage":"finished","steps":[],"attachments":[],"parameters":[],"start":1761836332825,"stop":1761836332826},{"name":"And I select province \"BC\"","status":"passed","statusDetails":{"known":false,"muted":false,"flaky":false},"stage":"finished","steps":[],"attachments":[],"parameters":[],"start":1761836332827,"stop":1761836333050},{"name":"And I enter annual income \"75000\"","status":"passed","statusDetails":{"known":false,"muted":false,"flaky":false},"stage":"finished","steps":[],"attachments":[],"parameters":[],"start":1761836333052,"stop":1761836333975},{"name":"And I click on View Results","status":"passed","statusDetails":{"known":false,"muted":false,"flaky":false},"stage":"finished","steps":[],"attachments":[],"parameters":[],"start":1761836333976,"stop":1761836334118},{"name":"Then I should see a results section displayed","status":"broken","statusDetails":{"known":false,"muted":false,"flaky":false,"message":"Expected condition failed: waiting for visibility of [[ChromeDriver: chrome on windows (4ef36da3faf8b8c13e5226aea851fcb2)] -> xpath: //div[contains(@class,'result') or contains(text(),'Results')]] (tried for 10 second(s) with 500 milliseconds interval)\nBuild info: version: '4.37.0', revision: '3c1da1e342'\nSystem info: os.name: 'Windows 11', os.arch: 'amd64', os.version: '10.0', java.version: '17.0.12'\nDriver info: org.openqa.selenium.chrome.ChromeDriver\nCapabilities {acceptInsecureCerts: false, browserName: chrome, browserVersion: 141.0.7390.123, chrome: {chromedriverVersion: 141.0.7390.122 (b477534e7e1..., userDataDir: C:\\Users\\Owner\\AppData\\Loca...}, fedcm:accounts: true, goog:chromeOptions: {debuggerAddress: localhost:62539}, networkConnectionEnabled: false, pageLoadStrategy: normal, platformName: windows, proxy: Proxy(), se:cdp: ws://localhost:62539/devtoo..., se:cdpVersion: 141.0.7390.123, setWindowRect: true, strictFileInteractability: false, timeouts: {implicit: 0, pageLoad: 300000, script: 30000}, unhandledPromptBehavior: dismiss and notify, webauthn:extension:credBlob: true, webauthn:extension:largeBlob: true, webauthn:extension:minPinLength: true, webauthn:extension:prf: true, webauthn:virtualAuthenticators: true}\nSession ID: 4ef36da3faf8b8c13e5226aea851fcb2","trace":"org.openqa.selenium.TimeoutException: Expected condition failed: waiting for visibility of [[ChromeDriver: chrome on windows (4ef36da3faf8b8c13e5226aea851fcb2)] -> xpath: //div[contains(@class,'result') or contains(text(),'Results')]] (tried for 10 second(s) with 500 milliseconds interval)\nBuild info: version: '4.37.0', revision: '3c1da1e342'\nSystem info: os.name: 'Windows 11', os.arch: 'amd64', os.version: '10.0', java.version: '17.0.12'\nDriver info: org.openqa.selenium.chrome.ChromeDriver\nCapabilities {acceptInsecureCerts: false, browserName: chrome, browserVersion: 141.0.7390.123, chrome: {chromedriverVersion: 141.0.7390.122 (b477534e7e1..., userDataDir: C:\\Users\\Owner\\AppData\\Loca...}, fedcm:accounts: true, goog:chromeOptions: {debuggerAddress: localhost:62539}, networkConnectionEnabled: false, pageLoadStrategy: normal, platformName: windows, proxy: Proxy(), se:cdp: ws://localhost:62539/devtoo..., se:cdpVersion: 141.0.7390.123, setWindowRect: true, strictFileInteractability: false, timeouts: {implicit: 0, pageLoad: 300000, script: 30000}, unhandledPromptBehavior: dismiss and notify, webauthn:extension:credBlob: true, webauthn:extension:largeBlob: true, webauthn:extension:minPinLength: true, webauthn:extension:prf: true, webauthn:virtualAuthenticators: true}\nSession ID: 4ef36da3faf8b8c13e5226aea851fcb2\r\n\tat org.openqa.selenium.support.ui.WebDriverWait.timeoutException(WebDriverWait.java:84)\r\n\tat org.openqa.selenium.support.ui.FluentWait.until(FluentWait.java:228)\r\n\tat com.scotiabank.pages.TFSApageclass.verifyResultsDisplayed(TFSApageclass.java:146)\r\n\tat com.scotiabank.stepdefs.TFSAStepDef.i_should_see_a_results_section_displayed(TFSAStepDef.java:61)\r\n\tat ✽.I should see a results section displayed(file:///C:/Users/Owner/Scotiabank_Automation_Test/src/test/resources/features/F1-TFSA.feature:16)\r\n"},"stage":"finished","steps":[],"attachments":[],"parameters":[],"start":1761836334119,"stop":1761836347352}],"attachments":[],"parameters":[{"name":"Years","value":"15"},{"name":"StartingAmount","value":"5000"},{"name":"PeriodicInvestment","value":"200"},{"name":"Frequency","value":"Weekly"},{"name":"Province","value":"BC"},{"name":"AnnualIncome","value":"75000"}],"start":1761836320888,"stop":1761836347758}