{"uuid":"dcd30e0a-018f-4990-82c0-e668a241ba9c","historyId":"df5cc0593955e28cfa4a96c8f77f43a3","testCaseId":"fd02b9fe27c679062d4dccee750a0db4","fullName":"src/test/resources/features/F1-TFSA.feature:20","labels":[{"name":"tag","value":"tfsa"},{"name":"host","value":"DESKTOP-A1PS1BU"},{"name":"thread","value":"11892@DESKTOP-A1PS1BU.main(1)"},{"name":"feature","value":"TFSA Calculator Functionality"},{"name":"story","value":"Calculate TFSA savings for different user profiles"},{"name":"suite","value":"TFSA Calculator Functionality"},{"name":"testClass","value":"Calculate TFSA savings for different user profiles"},{"name":"framework","value":"cucumber4jvm"},{"name":"language","value":"java"},{"name":"gherkin_uri","value":"file:///C:/Users/Owner/Scotiabank_Automation_Test/src/test/resources/features/F1-TFSA.feature"},{"name":"package","value":"src.test.resources.features.F1-TFSA_feature.TFSA Calculator Functionality"}],"links":[],"name":"Calculate TFSA savings for different user profiles","status":"failed","statusDetails":{"known":false,"muted":false,"flaky":false,"message":"❌ Results section was not displayed as expected.","trace":"java.lang.AssertionError: ❌ Results section was not displayed as expected.\r\n\tat org.junit.Assert.fail(Assert.java:89)\r\n\tat org.junit.Assert.assertTrue(Assert.java:42)\r\n\tat com.scotiabank.stepdefs.TFSAStepDef.i_should_see_a_results_section_displayed(TFSAStepDef.java:74)\r\n\tat ✽.I should see a results section displayed(file:///C:/Users/Owner/Scotiabank_Automation_Test/src/test/resources/features/F1-TFSA.feature:16)\r\n"},"stage":"finished","description":"  Verify that the Scotiabank TFSA Calculator calculates correctly\n  using different user data combinations","steps":[{"name":"Given I am on the Scotiabank TFSA Calculator page","status":"passed","statusDetails":{"known":false,"muted":false,"flaky":false},"stage":"finished","steps":[],"attachments":[],"parameters":[],"start":1761918103205,"stop":1761918114154},{"name":"When I enter \"10\" years for savings term","status":"passed","statusDetails":{"known":false,"muted":false,"flaky":false},"stage":"finished","steps":[],"attachments":[],"parameters":[],"start":1761918114168,"stop":1761918116087},{"name":"And I choose to invest with mixed income and growth","status":"passed","statusDetails":{"known":false,"muted":false,"flaky":false},"stage":"finished","steps":[],"attachments":[],"parameters":[],"start":1761918116094,"stop":1761918116768},{"name":"And I enter starting amount \"1000\"","status":"passed","statusDetails":{"known":false,"muted":false,"flaky":false},"stage":"finished","steps":[],"attachments":[],"parameters":[],"start":1761918116769,"stop":1761918117511},{"name":"And I enter periodic investment \"100\"","status":"passed","statusDetails":{"known":false,"muted":false,"flaky":false},"stage":"finished","steps":[],"attachments":[],"parameters":[],"start":1761918117511,"stop":1761918118197},{"name":"And I select contribution frequency \"Monthly\"","status":"passed","statusDetails":{"known":false,"muted":false,"flaky":false},"stage":"finished","steps":[],"attachments":[],"parameters":[],"start":1761918118198,"stop":1761918118412},{"name":"And I select province \"ON\"","status":"passed","statusDetails":{"known":false,"muted":false,"flaky":false},"stage":"finished","steps":[],"attachments":[],"parameters":[],"start":1761918118413,"stop":1761918118741},{"name":"And I enter annual income \"50000\"","status":"passed","statusDetails":{"known":false,"muted":false,"flaky":false},"stage":"finished","steps":[],"attachments":[],"parameters":[],"start":1761918118750,"stop":1761918119475},{"name":"And I click on View Results","status":"passed","statusDetails":{"known":false,"muted":false,"flaky":false},"stage":"finished","steps":[],"attachments":[],"parameters":[],"start":1761918119476,"stop":1761918124446},{"name":"Then I should see a results section displayed","status":"failed","statusDetails":{"known":false,"muted":false,"flaky":false,"message":"❌ Results section was not displayed as expected.","trace":"java.lang.AssertionError: ❌ Results section was not displayed as expected.\r\n\tat org.junit.Assert.fail(Assert.java:89)\r\n\tat org.junit.Assert.assertTrue(Assert.java:42)\r\n\tat com.scotiabank.stepdefs.TFSAStepDef.i_should_see_a_results_section_displayed(TFSAStepDef.java:74)\r\n\tat ✽.I should see a results section displayed(file:///C:/Users/Owner/Scotiabank_Automation_Test/src/test/resources/features/F1-TFSA.feature:16)\r\n"},"stage":"finished","steps":[],"attachments":[],"parameters":[],"start":1761918124449,"stop":1761918139651}],"attachments":[],"parameters":[{"name":"Years","value":"10"},{"name":"StartingAmount","value":"1000"},{"name":"PeriodicInvestment","value":"100"},{"name":"Frequency","value":"Monthly"},{"name":"Province","value":"ON"},{"name":"AnnualIncome","value":"50000"}],"start":1761918094969,"stop":1761918140242}