{"uuid":"f983322b-cc9d-46fd-8f87-63f493a42f87","historyId":"c82b6dcd79ddb025f247b3386ecaf80e","testCaseId":"fd02b9fe27c679062d4dccee750a0db4","fullName":"src/test/resources/features/F1-TFSA.feature:21","labels":[{"name":"tag","value":"tfsa"},{"name":"host","value":"DESKTOP-A1PS1BU"},{"name":"thread","value":"21728@DESKTOP-A1PS1BU.main(1)"},{"name":"feature","value":"TFSA Calculator Functionality"},{"name":"story","value":"Calculate TFSA savings for different user profiles"},{"name":"suite","value":"TFSA Calculator Functionality"},{"name":"testClass","value":"Calculate TFSA savings for different user profiles"},{"name":"framework","value":"cucumber4jvm"},{"name":"language","value":"java"},{"name":"gherkin_uri","value":"file:///C:/Users/Owner/Scotiabank_Automation_Test/src/test/resources/features/F1-TFSA.feature"},{"name":"package","value":"src.test.resources.features.F1-TFSA_feature.TFSA Calculator Functionality"}],"links":[],"name":"Calculate TFSA savings for different user profiles","status":"failed","statusDetails":{"known":false,"muted":false,"flaky":false,"message":"❌ Results section was not displayed as expected.","trace":"java.lang.AssertionError: ❌ Results section was not displayed as expected.\r\n\tat org.junit.Assert.fail(Assert.java:89)\r\n\tat org.junit.Assert.assertTrue(Assert.java:42)\r\n\tat com.scotiabank.stepdefs.TFSAStepDef.i_should_see_a_results_section_displayed(TFSAStepDef.java:74)\r\n\tat ✽.I should see a results section displayed(file:///C:/Users/Owner/Scotiabank_Automation_Test/src/test/resources/features/F1-TFSA.feature:16)\r\n"},"stage":"finished","description":"  Verify that the Scotiabank TFSA Calculator calculates correctly\n  using different user data combinations","steps":[{"name":"Given I am on the Scotiabank TFSA Calculator page","status":"passed","statusDetails":{"known":false,"muted":false,"flaky":false},"stage":"finished","steps":[],"attachments":[],"parameters":[],"start":1761855063975,"stop":1761855068861},{"name":"When I enter \"15\" years for savings term","status":"passed","statusDetails":{"known":false,"muted":false,"flaky":false},"stage":"finished","steps":[],"attachments":[],"parameters":[],"start":1761855068862,"stop":1761855069991},{"name":"And I choose to invest with mixed income and growth","status":"passed","statusDetails":{"known":false,"muted":false,"flaky":false},"stage":"finished","steps":[],"attachments":[],"parameters":[],"start":1761855069993,"stop":1761855070310},{"name":"And I enter starting amount \"5000\"","status":"passed","statusDetails":{"known":false,"muted":false,"flaky":false},"stage":"finished","steps":[],"attachments":[],"parameters":[],"start":1761855070311,"stop":1761855070898},{"name":"And I enter periodic investment \"200\"","status":"passed","statusDetails":{"known":false,"muted":false,"flaky":false},"stage":"finished","steps":[],"attachments":[],"parameters":[],"start":1761855070900,"stop":1761855071334},{"name":"And I select contribution frequency \"Monthly\"","status":"passed","statusDetails":{"known":false,"muted":false,"flaky":false},"stage":"finished","steps":[],"attachments":[],"parameters":[],"start":1761855071334,"stop":1761855071447},{"name":"And I select province \"BC\"","status":"passed","statusDetails":{"known":false,"muted":false,"flaky":false},"stage":"finished","steps":[],"attachments":[],"parameters":[],"start":1761855071448,"stop":1761855071797},{"name":"And I enter annual income \"75000\"","status":"passed","statusDetails":{"known":false,"muted":false,"flaky":false},"stage":"finished","steps":[],"attachments":[],"parameters":[],"start":1761855071797,"stop":1761855072430},{"name":"And I click on View Results","status":"passed","statusDetails":{"known":false,"muted":false,"flaky":false},"stage":"finished","steps":[],"attachments":[],"parameters":[],"start":1761855072431,"stop":1761855078137},{"name":"Then I should see a results section displayed","status":"failed","statusDetails":{"known":false,"muted":false,"flaky":false,"message":"❌ Results section was not displayed as expected.","trace":"java.lang.AssertionError: ❌ Results section was not displayed as expected.\r\n\tat org.junit.Assert.fail(Assert.java:89)\r\n\tat org.junit.Assert.assertTrue(Assert.java:42)\r\n\tat com.scotiabank.stepdefs.TFSAStepDef.i_should_see_a_results_section_displayed(TFSAStepDef.java:74)\r\n\tat ✽.I should see a results section displayed(file:///C:/Users/Owner/Scotiabank_Automation_Test/src/test/resources/features/F1-TFSA.feature:16)\r\n"},"stage":"finished","steps":[],"attachments":[],"parameters":[],"start":1761855078138,"stop":1761855132391}],"attachments":[],"parameters":[{"name":"Years","value":"15"},{"name":"StartingAmount","value":"5000"},{"name":"PeriodicInvestment","value":"200"},{"name":"Frequency","value":"Monthly"},{"name":"Province","value":"BC"},{"name":"AnnualIncome","value":"75000"}],"start":1761855056138,"stop":1761855133505}