{"uuid":"ff654635-05f1-4f79-acca-962cdaccc0f1","historyId":"df5cc0593955e28cfa4a96c8f77f43a3","testCaseId":"fd02b9fe27c679062d4dccee750a0db4","fullName":"src/test/resources/features/F1-TFSA.feature:20","labels":[{"name":"tag","value":"tfsa"},{"name":"host","value":"DESKTOP-A1PS1BU"},{"name":"thread","value":"45508@DESKTOP-A1PS1BU.main(1)"},{"name":"feature","value":"TFSA Calculator Functionality"},{"name":"story","value":"Calculate TFSA savings for different user profiles"},{"name":"suite","value":"TFSA Calculator Functionality"},{"name":"testClass","value":"Calculate TFSA savings for different user profiles"},{"name":"framework","value":"cucumber4jvm"},{"name":"language","value":"java"},{"name":"gherkin_uri","value":"file:///C:/Users/Owner/Scotiabank_Automation_Test/src/test/resources/features/F1-TFSA.feature"},{"name":"package","value":"src.test.resources.features.F1-TFSA_feature.TFSA Calculator Functionality"}],"links":[],"name":"Calculate TFSA savings for different user profiles","status":"broken","statusDetails":{"known":false,"muted":false,"flaky":false,"message":"❌ Failed to click View Results or wait for result load","trace":"java.lang.RuntimeException: ❌ Failed to click View Results or wait for result load\r\n\tat com.scotiabank.pages.TFSApageclass.clickViewResults(TFSApageclass.java:170)\r\n\tat com.scotiabank.stepdefs.TFSAStepDef.i_click_on_view_results(TFSAStepDef.java:55)\r\n\tat ✽.I click on View Results(file:///C:/Users/Owner/Scotiabank_Automation_Test/src/test/resources/features/F1-TFSA.feature:15)\r\nCaused by: org.openqa.selenium.TimeoutException: Expected condition failed: waiting for at least one condition to be valid: presence of element located by: By.xpath: //h2[contains(text(),'See How Much You Could Save')] || presence of element located by: By.xpath: //div[contains(@class,'result-amount') or contains(text(),'after')] (tried for 30 second(s) with 500 milliseconds interval)\r\n\tat org.openqa.selenium.support.ui.WebDriverWait.timeoutException(WebDriverWait.java:84)\r\n\tat org.openqa.selenium.support.ui.FluentWait.until(FluentWait.java:228)\r\n\tat com.scotiabank.pages.TFSApageclass.clickViewResults(TFSApageclass.java:158)\r\n\t... 2 more\r\nCaused by: org.openqa.selenium.NoSuchElementException: no such element: Unable to locate element: {\"method\":\"xpath\",\"selector\":\"//div[contains(@class,'result-amount') or contains(text(),'after')]\"}\n  (Session info: chrome=141.0.7390.123)\nFor documentation on this error, please visit: https://www.selenium.dev/documentation/webdriver/troubleshooting/errors#nosuchelementexception\nBuild info: version: '4.37.0', revision: '3c1da1e342'\nSystem info: os.name: 'Windows 11', os.arch: 'amd64', os.version: '10.0', java.version: '17.0.12'\nDriver info: org.openqa.selenium.chrome.ChromeDriver\nCommand: [56e517d75ad967aab93d4eb38ea2b99a, findElement {value=//div[contains(@class,'result-amount') or contains(text(),'after')], using=xpath}]\nCapabilities {acceptInsecureCerts: false, browserName: chrome, browserVersion: 141.0.7390.123, chrome: {chromedriverVersion: 141.0.7390.122 (b477534e7e1..., userDataDir: C:\\Users\\Owner\\AppData\\Loca...}, fedcm:accounts: true, goog:chromeOptions: {debuggerAddress: localhost:49227}, networkConnectionEnabled: false, pageLoadStrategy: normal, platformName: windows, proxy: Proxy(), se:cdp: ws://localhost:49227/devtoo..., se:cdpVersion: 141.0.7390.123, setWindowRect: true, strictFileInteractability: false, timeouts: {implicit: 0, pageLoad: 300000, script: 30000}, unhandledPromptBehavior: dismiss and notify, webauthn:extension:credBlob: true, webauthn:extension:largeBlob: true, webauthn:extension:minPinLength: true, webauthn:extension:prf: true, webauthn:virtualAuthenticators: true}\nSession ID: 56e517d75ad967aab93d4eb38ea2b99a\r\n\tat jdk.internal.reflect.GeneratedConstructorAccessor11.newInstance(Unknown Source)\r\n\tat java.base/jdk.internal.reflect.DelegatingConstructorAccessorImpl.newInstance(DelegatingConstructorAccessorImpl.java:45)\r\n\tat java.base/java.lang.reflect.Constructor.newInstanceWithCaller(Constructor.java:499)\r\n\tat java.base/java.lang.reflect.Constructor.newInstance(Constructor.java:480)\r\n\tat org.openqa.selenium.remote.ErrorCodec.decode(ErrorCodec.java:167)\r\n\tat org.openqa.selenium.remote.codec.w3c.W3CHttpResponseCodec.decode(W3CHttpResponseCodec.java:138)\r\n\tat org.openqa.selenium.remote.codec.w3c.W3CHttpResponseCodec.decode(W3CHttpResponseCodec.java:50)\r\n\tat org.openqa.selenium.remote.HttpCommandExecutor.execute(HttpCommandExecutor.java:215)\r\n\tat org.openqa.selenium.remote.service.DriverCommandExecutor.invokeExecute(DriverCommandExecutor.java:216)\r\n\tat org.openqa.selenium.remote.service.DriverCommandExecutor.execute(DriverCommandExecutor.java:174)\r\n\tat org.openqa.selenium.remote.RemoteWebDriver.execute(RemoteWebDriver.java:557)\r\n\tat org.openqa.selenium.remote.ElementLocation$ElementFinder$2.findElement(ElementLocation.java:165)\r\n\tat org.openqa.selenium.remote.ElementLocation.findElement(ElementLocation.java:59)\r\n\tat org.openqa.selenium.remote.RemoteWebDriver.findElement(RemoteWebDriver.java:380)\r\n\tat org.openqa.selenium.remote.RemoteWebDriver.findElement(RemoteWebDriver.java:374)\r\n\tat org.openqa.selenium.support.ui.ExpectedConditions$6.apply(ExpectedConditions.java:171)\r\n\tat org.openqa.selenium.support.ui.ExpectedConditions$6.apply(ExpectedConditions.java:168)\r\n\tat org.openqa.selenium.support.ui.ExpectedConditions$49.apply(ExpectedConditions.java:1396)\r\n\tat org.openqa.selenium.support.ui.ExpectedConditions$49.apply(ExpectedConditions.java:1390)\r\n\tat org.openqa.selenium.support.ui.FluentWait.until(FluentWait.java:203)\r\n\t... 3 more\r\n"},"stage":"finished","description":"  Verify that the Scotiabank TFSA Calculator calculates correctly\n  using different user data combinations","steps":[{"name":"Given I am on the Scotiabank TFSA Calculator page","status":"passed","statusDetails":{"known":false,"muted":false,"flaky":false},"stage":"finished","steps":[],"attachments":[],"parameters":[],"start":1761849549306,"stop":1761849559108},{"name":"When I enter \"10\" years for savings term","status":"passed","statusDetails":{"known":false,"muted":false,"flaky":false},"stage":"finished","steps":[],"attachments":[],"parameters":[],"start":1761849559120,"stop":1761849560676},{"name":"And I choose to invest with mixed income and growth","status":"passed","statusDetails":{"known":false,"muted":false,"flaky":false},"stage":"finished","steps":[],"attachments":[],"parameters":[],"start":1761849560679,"stop":1761849561102},{"name":"And I enter starting amount \"1000\"","status":"passed","statusDetails":{"known":false,"muted":false,"flaky":false},"stage":"finished","steps":[],"attachments":[],"parameters":[],"start":1761849561107,"stop":1761849561814},{"name":"And I enter periodic investment \"100\"","status":"passed","statusDetails":{"known":false,"muted":false,"flaky":false},"stage":"finished","steps":[],"attachments":[],"parameters":[],"start":1761849561815,"stop":1761849562368},{"name":"And I select contribution frequency \"Monthly\"","status":"passed","statusDetails":{"known":false,"muted":false,"flaky":false},"stage":"finished","steps":[],"attachments":[],"parameters":[],"start":1761849562374,"stop":1761849562618},{"name":"And I select province \"ON\"","status":"passed","statusDetails":{"known":false,"muted":false,"flaky":false},"stage":"finished","steps":[],"attachments":[],"parameters":[],"start":1761849562620,"stop":1761849563027},{"name":"And I enter annual income \"50000\"","status":"passed","statusDetails":{"known":false,"muted":false,"flaky":false},"stage":"finished","steps":[],"attachments":[],"parameters":[],"start":1761849563035,"stop":1761849563537},{"name":"And I click on View Results","status":"broken","statusDetails":{"known":false,"muted":false,"flaky":false,"message":"❌ Failed to click View Results or wait for result load","trace":"java.lang.RuntimeException: ❌ Failed to click View Results or wait for result load\r\n\tat com.scotiabank.pages.TFSApageclass.clickViewResults(TFSApageclass.java:170)\r\n\tat com.scotiabank.stepdefs.TFSAStepDef.i_click_on_view_results(TFSAStepDef.java:55)\r\n\tat ✽.I click on View Results(file:///C:/Users/Owner/Scotiabank_Automation_Test/src/test/resources/features/F1-TFSA.feature:15)\r\nCaused by: org.openqa.selenium.TimeoutException: Expected condition failed: waiting for at least one condition to be valid: presence of element located by: By.xpath: //h2[contains(text(),'See How Much You Could Save')] || presence of element located by: By.xpath: //div[contains(@class,'result-amount') or contains(text(),'after')] (tried for 30 second(s) with 500 milliseconds interval)\r\n\tat org.openqa.selenium.support.ui.WebDriverWait.timeoutException(WebDriverWait.java:84)\r\n\tat org.openqa.selenium.support.ui.FluentWait.until(FluentWait.java:228)\r\n\tat com.scotiabank.pages.TFSApageclass.clickViewResults(TFSApageclass.java:158)\r\n\t... 2 more\r\nCaused by: org.openqa.selenium.NoSuchElementException: no such element: Unable to locate element: {\"method\":\"xpath\",\"selector\":\"//div[contains(@class,'result-amount') or contains(text(),'after')]\"}\n  (Session info: chrome=141.0.7390.123)\nFor documentation on this error, please visit: https://www.selenium.dev/documentation/webdriver/troubleshooting/errors#nosuchelementexception\nBuild info: version: '4.37.0', revision: '3c1da1e342'\nSystem info: os.name: 'Windows 11', os.arch: 'amd64', os.version: '10.0', java.version: '17.0.12'\nDriver info: org.openqa.selenium.chrome.ChromeDriver\nCommand: [56e517d75ad967aab93d4eb38ea2b99a, findElement {value=//div[contains(@class,'result-amount') or contains(text(),'after')], using=xpath}]\nCapabilities {acceptInsecureCerts: false, browserName: chrome, browserVersion: 141.0.7390.123, chrome: {chromedriverVersion: 141.0.7390.122 (b477534e7e1..., userDataDir: C:\\Users\\Owner\\AppData\\Loca...}, fedcm:accounts: true, goog:chromeOptions: {debuggerAddress: localhost:49227}, networkConnectionEnabled: false, pageLoadStrategy: normal, platformName: windows, proxy: Proxy(), se:cdp: ws://localhost:49227/devtoo..., se:cdpVersion: 141.0.7390.123, setWindowRect: true, strictFileInteractability: false, timeouts: {implicit: 0, pageLoad: 300000, script: 30000}, unhandledPromptBehavior: dismiss and notify, webauthn:extension:credBlob: true, webauthn:extension:largeBlob: true, webauthn:extension:minPinLength: true, webauthn:extension:prf: true, webauthn:virtualAuthenticators: true}\nSession ID: 56e517d75ad967aab93d4eb38ea2b99a\r\n\tat jdk.internal.reflect.GeneratedConstructorAccessor11.newInstance(Unknown Source)\r\n\tat java.base/jdk.internal.reflect.DelegatingConstructorAccessorImpl.newInstance(DelegatingConstructorAccessorImpl.java:45)\r\n\tat java.base/java.lang.reflect.Constructor.newInstanceWithCaller(Constructor.java:499)\r\n\tat java.base/java.lang.reflect.Constructor.newInstance(Constructor.java:480)\r\n\tat org.openqa.selenium.remote.ErrorCodec.decode(ErrorCodec.java:167)\r\n\tat org.openqa.selenium.remote.codec.w3c.W3CHttpResponseCodec.decode(W3CHttpResponseCodec.java:138)\r\n\tat org.openqa.selenium.remote.codec.w3c.W3CHttpResponseCodec.decode(W3CHttpResponseCodec.java:50)\r\n\tat org.openqa.selenium.remote.HttpCommandExecutor.execute(HttpCommandExecutor.java:215)\r\n\tat org.openqa.selenium.remote.service.DriverCommandExecutor.invokeExecute(DriverCommandExecutor.java:216)\r\n\tat org.openqa.selenium.remote.service.DriverCommandExecutor.execute(DriverCommandExecutor.java:174)\r\n\tat org.openqa.selenium.remote.RemoteWebDriver.execute(RemoteWebDriver.java:557)\r\n\tat org.openqa.selenium.remote.ElementLocation$ElementFinder$2.findElement(ElementLocation.java:165)\r\n\tat org.openqa.selenium.remote.ElementLocation.findElement(ElementLocation.java:59)\r\n\tat org.openqa.selenium.remote.RemoteWebDriver.findElement(RemoteWebDriver.java:380)\r\n\tat org.openqa.selenium.remote.RemoteWebDriver.findElement(RemoteWebDriver.java:374)\r\n\tat org.openqa.selenium.support.ui.ExpectedConditions$6.apply(ExpectedConditions.java:171)\r\n\tat org.openqa.selenium.support.ui.ExpectedConditions$6.apply(ExpectedConditions.java:168)\r\n\tat org.openqa.selenium.support.ui.ExpectedConditions$49.apply(ExpectedConditions.java:1396)\r\n\tat org.openqa.selenium.support.ui.ExpectedConditions$49.apply(ExpectedConditions.java:1390)\r\n\tat org.openqa.selenium.support.ui.FluentWait.until(FluentWait.java:203)\r\n\t... 3 more\r\n"},"stage":"finished","steps":[],"attachments":[],"parameters":[],"start":1761849563538,"stop":1761849597976},{"name":"Then I should see a results section displayed","status":"skipped","statusDetails":{"known":false,"muted":false,"flaky":false},"stage":"finished","steps":[],"attachments":[],"parameters":[],"start":1761849597986,"stop":1761849597990}],"attachments":[],"parameters":[{"name":"Years","value":"10"},{"name":"StartingAmount","value":"1000"},{"name":"PeriodicInvestment","value":"100"},{"name":"Frequency","value":"Monthly"},{"name":"Province","value":"ON"},{"name":"AnnualIncome","value":"50000"}],"start":1761849542140,"stop":1761849599206}